# JRE version: OpenJDK Runtime Environment (25.0.1+8) (build 25.0.1+8-27)
# Java VM: OpenJDK 64-Bit Server VM (25.0.1+8-27, mixed mode, sharing, tiered, compressed oops, compressed class ptrs, g1 gc, windows-amd64)
GC Precious Log:
 CardTable entry size: 512
 Card Set container configuration: InlinePtr #cards 5 size 8 Array Of Cards #cards 10 size 36 Howl #buckets 4 coarsen threshold 1843 Howl Bitmap #cards 512 size 80 coarsen threshold 460 Card regions per heap region 1 cards per card region 2048
 CPUs: 4 total, 4 available
 Memory: 8100M
 Large Page Support: Disabled
 NUMA Support: Disabled
 Compressed Oops: Enabled (32-bit)
 Heap Region Size: 1M
 Heap Min Capacity: 256M
 Heap Initial Capacity: 256M
 Heap Max Capacity: 512M
 Pre-touch: Disabled
 Parallel Workers: 4
 Concurrent Workers: 1
 Concurrent Refinement Workers: 4
 Periodic GC: Disabled
Heap:
 garbage-first heap   total reserved 524288K, committed 286720K, used 209047K [0x00000000e0000000, 0x0000000100000000)
  region size 1024K, 42 young (43008K), 4 survivors (4096K)
GC Heap Usage History (20 events):
Event: 1523.853 {heap Before GC invocations=21 (full 0):
 garbage-first heap   total reserved 524288K, committed 271360K, used 239073K [0x00000000e0000000, 0x0000000100000000)
  region size 1024K, 95 young (97280K), 3 survivors (3072K)
}
Event: 1524.224 {heap After GC invocations=22 (full 0):
 garbage-first heap   total reserved 524288K, committed 271360K, used 150223K [0x00000000e0000000, 0x0000000100000000)
  region size 1024K, 8 young (8192K), 8 survivors (8192K)
}
Event: 1529.756 {heap Before GC invocations=22 (full 0):
 garbage-first heap   total reserved 524288K, committed 271360K, used 241359K [0x00000000e0000000, 0x0000000100000000)
  region size 1024K, 98 young (100352K), 8 survivors (8192K)
}
Event: 1529.995 {heap After GC invocations=23 (full 0):
 garbage-first heap   total reserved 524288K, committed 271360K, used 148781K [0x00000000e0000000, 0x0000000100000000)
  region size 1024K, 11 young (11264K), 11 survivors (11264K)
}
Event: 1530.446 {heap Before GC invocations=23 (full 0):
 garbage-first heap   total reserved 524288K, committed 271360K, used 157997K [0x00000000e0000000, 0x0000000100000000)
  region size 1024K, 20 young (20480K), 11 survivors (11264K)
}
Event: 1530.479 {heap After GC invocations=24 (full 0):
 garbage-first heap   total reserved 524288K, committed 271360K, used 151372K [0x00000000e0000000, 0x0000000100000000)
  region size 1024K, 3 young (3072K), 3 survivors (3072K)
}
Event: 1746.216 {heap Before GC invocations=25 (full 0):
 garbage-first heap   total reserved 524288K, committed 271360K, used 213836K [0x00000000e0000000, 0x0000000100000000)
  region size 1024K, 65 young (66560K), 3 survivors (3072K)
}
Event: 1747.100 {heap After GC invocations=26 (full 0):
 garbage-first heap   total reserved 524288K, committed 271360K, used 154365K [0x00000000e0000000, 0x0000000100000000)
  region size 1024K, 7 young (7168K), 7 survivors (7168K)
}
Event: 1904.616 {heap Before GC invocations=26 (full 0):
 garbage-first heap   total reserved 524288K, committed 271360K, used 244477K [0x00000000e0000000, 0x0000000100000000)
  region size 1024K, 96 young (98304K), 7 survivors (7168K)
}
Event: 1904.950 {heap After GC invocations=27 (full 0):
 garbage-first heap   total reserved 524288K, committed 271360K, used 157910K [0x00000000e0000000, 0x0000000100000000)
  region size 1024K, 12 young (12288K), 12 survivors (12288K)
}
Event: 1904.970 {heap Before GC invocations=27 (full 0):
 garbage-first heap   total reserved 524288K, committed 271360K, used 158934K [0x00000000e0000000, 0x0000000100000000)
  region size 1024K, 13 young (13312K), 12 survivors (12288K)
}
Event: 1905.124 {heap After GC invocations=28 (full 0):
 garbage-first heap   total reserved 524288K, committed 271360K, used 158661K [0x00000000e0000000, 0x0000000100000000)
  region size 1024K, 2 young (2048K), 2 survivors (2048K)
}
Event: 1906.336 {heap Before GC invocations=28 (full 0):
 garbage-first heap   total reserved 524288K, committed 271360K, used 227269K [0x00000000e0000000, 0x0000000100000000)
  region size 1024K, 70 young (71680K), 2 survivors (2048K)
}
Event: 1906.392 {heap After GC invocations=29 (full 0):
 garbage-first heap   total reserved 524288K, committed 271360K, used 162304K [0x00000000e0000000, 0x0000000100000000)
  region size 1024K, 7 young (7168K), 7 survivors (7168K)
}
Event: 2022.774 {heap Before GC invocations=29 (full 0):
 garbage-first heap   total reserved 524288K, committed 271360K, used 247296K [0x00000000e0000000, 0x0000000100000000)
  region size 1024K, 90 young (92160K), 7 survivors (7168K)
}
Event: 2022.912 {heap After GC invocations=30 (full 0):
 garbage-first heap   total reserved 524288K, committed 271360K, used 168503K [0x00000000e0000000, 0x0000000100000000)
  region size 1024K, 12 young (12288K), 12 survivors (12288K)
}
Event: 2022.919 {heap Before GC invocations=30 (full 0):
 garbage-first heap   total reserved 524288K, committed 271360K, used 169527K [0x00000000e0000000, 0x0000000100000000)
  region size 1024K, 13 young (13312K), 12 survivors (12288K)
}
Event: 2022.955 {heap After GC invocations=31 (full 0):
 garbage-first heap   total reserved 524288K, committed 271360K, used 171159K [0x00000000e0000000, 0x0000000100000000)
  region size 1024K, 2 young (2048K), 2 survivors (2048K)
}
Event: 2023.670 {heap Before GC invocations=31 (full 0):
 garbage-first heap   total reserved 524288K, committed 271360K, used 201879K [0x00000000e0000000, 0x0000000100000000)
  region size 1024K, 33 young (33792K), 2 survivors (2048K)
}
Event: 2023.677 {heap After GC invocations=32 (full 0):
 garbage-first heap   total reserved 524288K, committed 271360K, used 173207K [0x00000000e0000000, 0x0000000100000000)
  region size 1024K, 4 young (4096K), 4 survivors (4096K)
}

